Flutter crash report; please file at https://github.com/flutter/flutter/issues.

## command

flutter --no-color packages upgrade

## exception

ArgumentError: Invalid argument(s): Cannot find executable for /Users/manukj/Apps/flutter/bin/cache/dart-sdk/bin/pub.

```
#0      _getExecutable (package:process/src/interface/local_process_manager.dart:127:5)
#1      LocalProcessManager.start (package:process/src/interface/local_process_manager.dart:43:30)
#2      _DefaultProcessUtils.start (package:flutter_tools/src/base/process.dart:413:27)
#3      _DefaultProcessUtils.stream (package:flutter_tools/src/base/process.dart:431:35)
#4      _DefaultPub.batch (package:flutter_tools/src/dart/pub.dart:259:33)
#5      _DefaultPub.get (package:flutter_tools/src/dart/pub.dart:176:15)
#6      PackagesGetCommand._runPubGet (package:flutter_tools/src/commands/packages.dart:98:17)
#7      PackagesGetCommand.runCommand (package:flutter_tools/src/commands/packages.dart:128:11)
#8      FlutterCommand.verifyThenRunCommand (package:flutter_tools/src/runner/flutter_command.dart:615:18)
#9      _asyncThenWrapperHelper.<anonymous closure> (dart:async-patch/async_patch.dart:73:64)
#10     _rootRunUnary (dart:async/zone.dart:1134:38)
#11     _CustomZone.runUnary (dart:async/zone.dart:1031:19)
#12     _FutureListener.handleValue (dart:async/future_impl.dart:139:18)
#13     Future._propagateToListeners.handleValueCallback (dart:async/future_impl.dart:680:45)
#14     Future._propagateToListeners (dart:async/future_impl.dart:709:32)
#15     Future._completeWithValue (dart:async/future_impl.dart:524:5)
#16     Future._asyncComplete.<anonymous closure> (dart:async/future_impl.dart:554:7)
#17     _rootRun (dart:async/zone.dart:1126:13)
#18     _CustomZone.run (dart:async/zone.dart:1023:19)
#19     _CustomZone.runGuarded (dart:async/zone.dart:925:7)
#20     _CustomZone.bindCallbackGuarded.<anonymous closure> (dart:async/zone.dart:965:23)
#21     _microtaskLoop (dart:async/schedule_microtask.dart:43:21)
#22     _startMicrotaskLoop (dart:async/schedule_microtask.dart:52:5)
#23     _runPendingImmediateCallback (dart:isolate-patch/isolate_patch.dart:118:13)
#24     _RawReceivePortImpl._handleMessage (dart:isolate-patch/isolate_patch.dart:175:5)
```

## flutter doctor

```
[✓] Flutter (Channel stable, v1.12.13+hotfix.5, on Mac OS X 10.14.6 18G2022, locale en-IN)
    • Flutter version 1.12.13+hotfix.5 at /Users/manukj/Apps/flutter
    • Framework revision 27321ebbad (7 weeks ago), 2019-12-10 18:15:01 -0800
    • Engine revision 2994f7e1e6
    • Dart version 2.7.0

[✓] Android toolchain - develop for Android devices (Android SDK version 29.0.2)
    • Android SDK at /Users/manukj/Library/Android/sdk
    • Android NDK location not configured (optional; useful for native profiling support)
    • Platform android-29, build-tools 29.0.2
    • Java binary at: /Applications/Android Studio.app/Contents/jre/jdk/Contents/Home/bin/java
    • Java version OpenJDK Runtime Environment (build 1.8.0_202-release-1483-b49-5587405)
    • All Android licenses accepted.

[!] Xcode - develop for iOS and macOS
    ✗ Xcode installation is incomplete; a full installation is necessary for iOS development.
      Download at: https://developer.apple.com/xcode/download/
      Or install Xcode via the App Store.
      Once installed, run:
        sudo xcode-select --switch /Applications/Xcode.app/Contents/Developer
        sudo xcodebuild -runFirstLaunch
    ! CocoaPods 1.5.3 out of date (1.6.0 is recommended).
        CocoaPods is used to retrieve the iOS and macOS platform side's plugin code that responds to your plugin usage on the Dart side.
        Without CocoaPods, plugins will not work on iOS or macOS.
        For more info, see https://flutter.dev/platform-plugins
      To upgrade:
        sudo gem install cocoapods

[✓] Android Studio (version 3.5)
    • Android Studio at /Applications/Android Studio.app/Contents
    • Flutter plugin version 42.1.1
    • Dart plugin version 191.8593
    • Java version OpenJDK Runtime Environment (build 1.8.0_202-release-1483-b49-5587405)

[!] IntelliJ IDEA Community Edition (version 2018.3.6)
    • IntelliJ at /Applications/IntelliJ IDEA CE.app
    ✗ Flutter plugin not installed; this adds Flutter specific functionality.
    ✗ Dart plugin not installed; this adds Dart specific functionality.
    • For information about installing plugins, see
      https://flutter.dev/intellij-setup/#installing-the-plugins

[✓] Connected device (1 available)
    • Android SDK built for x86 • emulator-5554 • android-x86 • Android 10 (API 29) (emulator)

! Doctor found issues in 2 categories.
```
